2019-03-12T15:20:39: ********************************************************************************
2019-03-12T15:20:39: *                                   ctobssim                                   *
2019-03-12T15:20:39: * ---------------------------------------------------------------------------- *
2019-03-12T15:20:39: * Version: 1.5.2                                                               *
2019-03-12T15:20:39: ********************************************************************************
2019-03-12T15:21:14: +============+
2019-03-12T15:21:14: | Parameters |
2019-03-12T15:21:14: +============+
2019-03-12T15:21:14:  inobs .....................: NONE
2019-03-12T15:21:14:  inmodel ...................: Models/sigma4_221_47_08.xml
2019-03-12T15:21:14:  caldb .....................: prod2
2019-03-12T15:21:14:  irf .......................: South_0.5h
2019-03-12T15:21:14:  edisp .....................: no
2019-03-12T15:21:14:  outevents .................: Events/events_221_47_08.fits
2019-03-12T15:21:14:  prefix ....................: sim_events_
2019-03-12T15:21:14:  startindex ................: 1
2019-03-12T15:21:14:  seed ......................: 1
2019-03-12T15:21:14:  ra ........................: 221
2019-03-12T15:21:14:  dec .......................: 46
2019-03-12T15:21:14:  rad .......................: 5.0
2019-03-12T15:21:14:  tmin ......................: 2020-01-01T00:00:00
2019-03-12T15:21:14:  tmax ......................: 2020-01-01T00:30:00
2019-03-12T15:21:14:  emin ......................: 0.1
2019-03-12T15:21:14:  emax ......................: 100.0
2019-03-12T15:21:14:  deadc .....................: 0.98
2019-03-12T15:21:14:  maxrate ...................: 1.0e6
2019-03-12T15:21:14:  eslices ...................: 10
2019-03-12T15:21:14:  publish ...................: no
2019-03-12T15:21:14:  chatter ...................: 2
2019-03-12T15:21:14:  clobber ...................: yes
2019-03-12T15:21:14:  debug .....................: no
2019-03-12T15:21:14:  mode ......................: ql
2019-03-12T15:21:14:  logfile ...................: ctobssim.log
2019-03-12T15:21:14: 
2019-03-12T15:21:14: +================+
2019-03-12T15:21:14: | Execution mode |
2019-03-12T15:21:14: +================+
2019-03-12T15:21:14:  Event list management .....: Save and dispose (reduces memory needs)
2019-03-12T15:21:14:  Output format .............: Write single event list FITS file
2019-03-12T15:21:14: 
2019-03-12T15:21:14: +=============+
2019-03-12T15:21:14: | Seed values |
2019-03-12T15:21:14: +=============+
2019-03-12T15:21:14:  Seed 0 ....................: 9717486569
2019-03-12T15:21:14: 
2019-03-12T15:21:14: +===================+
2019-03-12T15:21:14: | Input observation |
2019-03-12T15:21:14: +===================+
2019-03-12T15:21:14: === GObservations ===
2019-03-12T15:21:14:  Number of observations ....: 1
2019-03-12T15:21:14:  Number of models ..........: 2
2019-03-12T15:21:14:  Number of observed events .: 0
2019-03-12T15:21:14:  Number of predicted events : 0
2019-03-12T15:21:14: 
2019-03-12T15:21:14: +======================+
2019-03-12T15:21:14: | Simulate observation |
2019-03-12T15:21:14: +======================+
2019-03-12T15:21:14: === CTA observation ===
2019-03-12T15:21:14:  Simulation cone ...........: RA=221 deg, Dec=46 deg, radius=5.5 deg
2019-03-12T15:21:14:  Time interval .............: 6.31109e+08 - 6.31111e+08 s
2019-03-12T15:21:14:  Photon energy range .......: 100 GeV - 199.526231496888 GeV
2019-03-12T15:21:14:  Event energy range ........: 100 GeV - 199.526231496888 GeV
2019-03-12T15:21:14:   Simulation area ..........: 5.75561e+09 cm2
2019-03-12T15:21:14:   Use model ................: Crab
2019-03-12T15:21:14:   Normalization ............: 1 [Crab]
2019-03-12T15:21:14:   Flux .....................: 5.27763e-12 [Crab] photons/cm2/s
2019-03-12T15:21:14:   Normalized flux ..........: 5.27763e-12 [Crab] photons/cm2/s
2019-03-12T15:21:14:   Photon rate ..............: 0.030376 photons/s [Crab]
2019-03-12T15:21:14:   MC source photons ........: 55 [Crab]
2019-03-12T15:21:14:   MC source events .........: 15 [Crab]
2019-03-12T15:21:14:   MC source events .........: 15 (all source models)
2019-03-12T15:21:14:  Photon energy range .......: 199.526231496888 GeV - 398.107170553497 GeV
2019-03-12T15:21:14:  Event energy range ........: 199.526231496888 GeV - 398.107170553497 GeV
2019-03-12T15:21:14:   Simulation area ..........: 1.13576e+10 cm2
2019-03-12T15:21:14:   Use model ................: Crab
2019-03-12T15:21:14:   Normalization ............: 1 [Crab]
2019-03-12T15:21:14:   Flux .....................: 1.89862e-12 [Crab] photons/cm2/s
2019-03-12T15:21:14:   Normalized flux ..........: 1.89862e-12 [Crab] photons/cm2/s
2019-03-12T15:21:14:   Photon rate ..............: 0.0215638 photons/s [Crab]
2019-03-12T15:21:14:   MC source photons ........: 45 [Crab]
2019-03-12T15:21:14:   MC source events .........: 9 [Crab]
2019-03-12T15:21:14:   MC source events .........: 9 (all source models)
2019-03-12T15:21:14:  Photon energy range .......: 398.107170553497 GeV - 794.328234724282 GeV
2019-03-12T15:21:14:  Event energy range ........: 398.107170553497 GeV - 794.328234724282 GeV
2019-03-12T15:21:14:   Simulation area ..........: 2.02963e+10 cm2
2019-03-12T15:21:14:   Use model ................: Crab
2019-03-12T15:21:14:   Normalization ............: 1 [Crab]
2019-03-12T15:21:14:   Flux .....................: 6.83029e-13 [Crab] photons/cm2/s
2019-03-12T15:21:14:   Normalized flux ..........: 6.83029e-13 [Crab] photons/cm2/s
2019-03-12T15:21:14:   Photon rate ..............: 0.013863 photons/s [Crab]
2019-03-12T15:21:14:   MC source photons ........: 38 [Crab]
2019-03-12T15:21:14:   MC source events .........: 11 [Crab]
2019-03-12T15:21:14:   MC source events .........: 11 (all source models)
2019-03-12T15:21:14:  Photon energy range .......: 794.328234724282 GeV - 1.58489319246111 TeV
2019-03-12T15:21:14:  Event energy range ........: 794.328234724282 GeV - 1.58489319246111 TeV
2019-03-12T15:21:14:   Simulation area ..........: 3.61308e+10 cm2
2019-03-12T15:21:14:   Use model ................: Crab
2019-03-12T15:21:14:   Normalization ............: 1 [Crab]
2019-03-12T15:21:14:   Flux .....................: 2.45719e-13 [Crab] photons/cm2/s
2019-03-12T15:21:14:   Normalized flux ..........: 2.45719e-13 [Crab] photons/cm2/s
2019-03-12T15:21:14:   Photon rate ..............: 0.00887804 photons/s [Crab]
2019-03-12T15:21:14:   MC source photons ........: 10 [Crab]
2019-03-12T15:21:14:   MC source events .........: 2 [Crab]
2019-03-12T15:21:14:   MC source events .........: 2 (all source models)
2019-03-12T15:21:14:  Photon energy range .......: 1.58489319246111 TeV - 3.16227766016838 TeV
2019-03-12T15:21:14:  Event energy range ........: 1.58489319246111 TeV - 3.16227766016838 TeV
2019-03-12T15:21:14:   Simulation area ..........: 5.53917e+10 cm2
2019-03-12T15:21:14:   Use model ................: Crab
2019-03-12T15:21:14:   Normalization ............: 1 [Crab]
2019-03-12T15:21:14:   Flux .....................: 8.83973e-14 [Crab] photons/cm2/s
2019-03-12T15:21:14:   Normalized flux ..........: 8.83973e-14 [Crab] photons/cm2/s
2019-03-12T15:21:14:   Photon rate ..............: 0.00489648 photons/s [Crab]
2019-03-12T15:21:14:   MC source photons ........: 7 [Crab]
2019-03-12T15:21:14:   MC source events .........: 5 [Crab]
2019-03-12T15:21:14:   MC source events .........: 5 (all source models)
2019-03-12T15:21:14:  Photon energy range .......: 3.16227766016838 TeV - 6.30957344480193 TeV
2019-03-12T15:21:14:  Event energy range ........: 3.16227766016838 TeV - 6.30957344480193 TeV
2019-03-12T15:21:14:   Simulation area ..........: 7.06201e+10 cm2
2019-03-12T15:21:14:   Use model ................: Crab
2019-03-12T15:21:14:   Normalization ............: 1 [Crab]
2019-03-12T15:21:14:   Flux .....................: 3.18009e-14 [Crab] photons/cm2/s
2019-03-12T15:21:14:   Normalized flux ..........: 3.18009e-14 [Crab] photons/cm2/s
2019-03-12T15:21:14:   Photon rate ..............: 0.00224578 photons/s [Crab]
2019-03-12T15:21:14:   MC source photons ........: 8 [Crab]
2019-03-12T15:21:14:   MC source events .........: 2 [Crab]
2019-03-12T15:21:14:   MC source events .........: 2 (all source models)
2019-03-12T15:21:14:  Photon energy range .......: 6.30957344480193 TeV - 12.5892541179417 TeV
2019-03-12T15:21:14:  Event energy range ........: 6.30957344480193 TeV - 12.5892541179417 TeV
2019-03-12T15:21:14:   Simulation area ..........: 7.88321e+10 cm2
2019-03-12T15:21:14:   Use model ................: Crab
2019-03-12T15:21:14:   Normalization ............: 1 [Crab]
2019-03-12T15:21:14:   Flux .....................: 1.14403e-14 [Crab] photons/cm2/s
2019-03-12T15:21:14:   Normalized flux ..........: 1.14403e-14 [Crab] photons/cm2/s
2019-03-12T15:21:14:   Photon rate ..............: 0.000901866 photons/s [Crab]
2019-03-12T15:21:14:   MC source photons ........: 2 [Crab]
2019-03-12T15:21:14:   MC source events .........: 0 [Crab]
2019-03-12T15:21:14:   MC source events .........: 0 (all source models)
2019-03-12T15:21:14:  Photon energy range .......: 12.5892541179417 TeV - 25.1188643150958 TeV
2019-03-12T15:21:14:  Event energy range ........: 12.5892541179417 TeV - 25.1188643150958 TeV
2019-03-12T15:21:14:   Simulation area ..........: 8.05758e+10 cm2
2019-03-12T15:21:14:   Use model ................: Crab
2019-03-12T15:21:14:   Normalization ............: 1 [Crab]
2019-03-12T15:21:14:   Flux .....................: 4.11566e-15 [Crab] photons/cm2/s
2019-03-12T15:21:14:   Normalized flux ..........: 4.11566e-15 [Crab] photons/cm2/s
2019-03-12T15:21:14:   Photon rate ..............: 0.000331622 photons/s [Crab]
2019-03-12T15:21:14:   MC source photons ........: 1 [Crab]
2019-03-12T15:21:14:   MC source events .........: 1 [Crab]
2019-03-12T15:21:14:   MC source events .........: 1 (all source models)
2019-03-12T15:21:14:  Photon energy range .......: 25.1188643150958 TeV - 50.1187233627271 TeV
2019-03-12T15:21:14:  Event energy range ........: 25.1188643150958 TeV - 50.1187233627271 TeV
2019-03-12T15:21:14:   Simulation area ..........: 8.10299e+10 cm2
2019-03-12T15:21:14:   Use model ................: Crab
2019-03-12T15:21:14:   Normalization ............: 1 [Crab]
2019-03-12T15:21:14:   Flux .....................: 1.4806e-15 [Crab] photons/cm2/s
2019-03-12T15:21:14:   Normalized flux ..........: 1.4806e-15 [Crab] photons/cm2/s
2019-03-12T15:21:14:   Photon rate ..............: 0.000119973 photons/s [Crab]
2019-03-12T15:21:14:   MC source photons ........: 0 [Crab]
2019-03-12T15:21:14:   MC source events .........: 0 [Crab]
2019-03-12T15:21:14:   MC source events .........: 0 (all source models)
2019-03-12T15:21:14:  Photon energy range .......: 50.1187233627271 TeV - 100 TeV
2019-03-12T15:21:14:  Event energy range ........: 50.1187233627271 TeV - 100 TeV
2019-03-12T15:21:14:   Simulation area ..........: 8.25584e+10 cm2
2019-03-12T15:21:14:   Use model ................: Crab
2019-03-12T15:21:14:   Normalization ............: 1 [Crab]
2019-03-12T15:21:14:   Flux .....................: 5.32646e-16 [Crab] photons/cm2/s
2019-03-12T15:21:14:   Normalized flux ..........: 5.32646e-16 [Crab] photons/cm2/s
2019-03-12T15:21:14:   Photon rate ..............: 4.39744e-05 photons/s [Crab]
2019-03-12T15:21:14:   MC source photons ........: 0 [Crab]
2019-03-12T15:21:14:   MC source events .........: 0 [Crab]
2019-03-12T15:21:14:   MC source events .........: 0 (all source models)
2019-03-12T15:21:14:  MC source photons .........: 166 [Crab]
2019-03-12T15:21:14:  MC source events ..........: 45 [Crab]
2019-03-12T15:21:36:  MC events outside ROI .....: 0
2019-03-12T15:21:36:  MC background events ......: 20008
2019-03-12T15:21:36:  MC identifier 1 ...........: Crab
2019-03-12T15:21:36:  MC identifier 2 ...........: CTABackgroundModel
2019-03-12T15:21:36:  MC events .................: 20053 (all models)
2019-03-12T15:21:37: 
2019-03-12T15:21:37: +==================+
2019-03-12T15:21:37: | Save observation |
2019-03-12T15:21:37: +==================+
2019-03-12T15:21:37: 
2019-03-12T15:21:37: Application "ctobssim" terminated after 58 wall clock seconds, consuming 20.99 seconds of CPU time.
