2019-03-19T16:31:05: ********************************************************************************
2019-03-19T16:31:05: *                                   ctskymap                                   *
2019-03-19T16:31:05: * ---------------------------------------------------------------------------- *
2019-03-19T16:31:05: * Version: 1.5.2                                                               *
2019-03-19T16:31:05: ********************************************************************************
2019-03-19T16:31:28: +============+
2019-03-19T16:31:28: | Parameters |
2019-03-19T16:31:28: +============+
2019-03-19T16:31:28:  inobs .....................: Events/events_221-0_47-0_0-0.fits
2019-03-19T16:31:28:  caldb .....................: [not queried]
2019-03-19T16:31:28:  irf .......................: [not queried]
2019-03-19T16:31:28:  outmap ....................: Skymaps/skymap_221-0_47-0_0-0.fits
2019-03-19T16:31:28:  emin ......................: 0.1
2019-03-19T16:31:28:  emax ......................: 100.0
2019-03-19T16:31:28:  usepnt ....................: no
2019-03-19T16:31:28:  nxpix .....................: 200
2019-03-19T16:31:28:  nypix .....................: 200
2019-03-19T16:31:28:  binsz .....................: 0.02
2019-03-19T16:31:28:  coordsys ..................: CEL
2019-03-19T16:31:28:  proj ......................: CAR
2019-03-19T16:31:28:  xref ......................: 221
2019-03-19T16:31:28:  yref ......................: 46
2019-03-19T16:31:28:  bkgsubtract ...............: NONE
2019-03-19T16:31:28:  roiradius .................: [not queried]
2019-03-19T16:31:28:  inradius ..................: [not queried]
2019-03-19T16:31:28:  outradius .................: [not queried]
2019-03-19T16:31:28:  inexclusion ...............: NONE
2019-03-19T16:31:28:  publish ...................: no
2019-03-19T16:31:28:  chatter ...................: 2
2019-03-19T16:31:28:  clobber ...................: yes
2019-03-19T16:31:28:  debug .....................: no
2019-03-19T16:31:28:  mode ......................: ql
2019-03-19T16:31:28:  logfile ...................: ctskymap.log
2019-03-19T16:31:28: 
2019-03-19T16:31:28: +===================+
2019-03-19T16:31:28: | Input observation |
2019-03-19T16:31:28: +===================+
2019-03-19T16:31:28: === GObservations ===
2019-03-19T16:31:28:  Number of observations ....: 1
2019-03-19T16:31:28:  Number of models ..........: 0
2019-03-19T16:31:28:  Number of observed events .: 20059
2019-03-19T16:31:28:  Number of predicted events : 0
2019-03-19T16:31:28: 
2019-03-19T16:31:28: +=================+
2019-03-19T16:31:28: | Map observation |
2019-03-19T16:31:28: +=================+
2019-03-19T16:31:28: === CTA observation (id=000001) ===
2019-03-19T16:31:28:  Events in list ............: 20059
2019-03-19T16:31:28:  Events in map .............: 15398
2019-03-19T16:31:28:  Events outside RoI ........: 0
2019-03-19T16:31:28:  Events outside map area ...: 4661
2019-03-19T16:31:28:  Events outside energies ...: 0
2019-03-19T16:31:28: 
2019-03-19T16:31:28: +==============+
2019-03-19T16:31:28: | Save sky map |
2019-03-19T16:31:28: +==============+
2019-03-19T16:31:28:  Sky map file ..............: Skymaps/skymap_221-0_47-0_0-0.fits
2019-03-19T16:31:28: 
2019-03-19T16:31:28: Application "ctskymap" terminated after 23 wall clock seconds, consuming 0.09 seconds of CPU time.
