2019-03-20T10:23:11: ********************************************************************************
2019-03-20T10:23:11: *                                   ctobssim                                   *
2019-03-20T10:23:11: * ---------------------------------------------------------------------------- *
2019-03-20T10:23:11: * Version: 1.5.2                                                               *
2019-03-20T10:23:11: ********************************************************************************
2019-03-20T10:24:11: +============+
2019-03-20T10:24:11: | Parameters |
2019-03-20T10:24:11: +============+
2019-03-20T10:24:11:  inobs .....................: NONE
2019-03-20T10:24:11:  inmodel ...................: bgonly.xml
2019-03-20T10:24:11:  caldb .....................: prod2
2019-03-20T10:24:11:  irf .......................: South_0.5h
2019-03-20T10:24:11:  edisp .....................: no
2019-03-20T10:24:11:  outevents .................: ../Events/events_bgonly.fits
2019-03-20T10:24:11:  prefix ....................: sim_events_
2019-03-20T10:24:11:  startindex ................: 1
2019-03-20T10:24:11:  seed ......................: 1
2019-03-20T10:24:11:  ra ........................: 221
2019-03-20T10:24:11:  dec .......................: 46
2019-03-20T10:24:11:  rad .......................: 5.0
2019-03-20T10:24:11:  tmin ......................: 2020-01-01T00:00:00
2019-03-20T10:24:11:  tmax ......................: 2020-01-01T00:15:00
2019-03-20T10:24:11:  emin ......................: 0.03
2019-03-20T10:24:11:  emax ......................: 150.0
2019-03-20T10:24:11:  deadc .....................: 0.98
2019-03-20T10:24:11:  maxrate ...................: 1.0e6
2019-03-20T10:24:11:  eslices ...................: 10
2019-03-20T10:24:11:  publish ...................: no
2019-03-20T10:24:11:  chatter ...................: 2
2019-03-20T10:24:11:  clobber ...................: yes
2019-03-20T10:24:11:  debug .....................: no
2019-03-20T10:24:11:  mode ......................: ql
2019-03-20T10:24:11:  logfile ...................: ctobssim.log
2019-03-20T10:24:11: 
2019-03-20T10:24:11: +================+
2019-03-20T10:24:11: | Execution mode |
2019-03-20T10:24:11: +================+
2019-03-20T10:24:11:  Event list management .....: Save and dispose (reduces memory needs)
2019-03-20T10:24:11:  Output format .............: Write single event list FITS file
2019-03-20T10:24:11: 
2019-03-20T10:24:11: +=============+
2019-03-20T10:24:11: | Seed values |
2019-03-20T10:24:11: +=============+
2019-03-20T10:24:11:  Seed 0 ....................: 9717486569
2019-03-20T10:24:11: 
2019-03-20T10:24:11: +===================+
2019-03-20T10:24:11: | Input observation |
2019-03-20T10:24:11: +===================+
2019-03-20T10:24:11: === GObservations ===
2019-03-20T10:24:11:  Number of observations ....: 1
2019-03-20T10:24:11:  Number of models ..........: 1
2019-03-20T10:24:11:  Number of observed events .: 0
2019-03-20T10:24:11:  Number of predicted events : 0
2019-03-20T10:24:11: 
2019-03-20T10:24:11: +======================+
2019-03-20T10:24:11: | Simulate observation |
2019-03-20T10:24:11: +======================+
2019-03-20T10:24:11: === CTA observation ===
2019-03-20T10:24:11:  Simulation cone ...........: RA=221 deg, Dec=46 deg, radius=5.5 deg
2019-03-20T10:24:11:  Time interval .............: 6.31109e+08 - 6.3111e+08 s
2019-03-20T10:24:11:  Photon energy range .......: 30 GeV - 70.310187347763 GeV
2019-03-20T10:24:11:  Event energy range ........: 30 GeV - 70.310187347763 GeV
2019-03-20T10:24:11:   Simulation area ..........: 1.90195e+09 cm2
2019-03-20T10:24:11:   MC source events .........: 0 (all source models)
2019-03-20T10:24:11:  Photon energy range .......: 70.310187347763 GeV - 164.784081495918 GeV
2019-03-20T10:24:11:  Event energy range ........: 70.310187347763 GeV - 164.784081495918 GeV
2019-03-20T10:24:11:   Simulation area ..........: 4.75247e+09 cm2
2019-03-20T10:24:11:   MC source events .........: 0 (all source models)
2019-03-20T10:24:11:  Photon energy range .......: 164.784081495918 GeV - 386.199988063567 GeV
2019-03-20T10:24:11:  Event energy range ........: 164.784081495918 GeV - 386.199988063567 GeV
2019-03-20T10:24:11:   Simulation area ..........: 1.10778e+10 cm2
2019-03-20T10:24:11:   MC source events .........: 0 (all source models)
2019-03-20T10:24:11:  Photon energy range .......: 386.199988063567 GeV - 905.126450481775 GeV
2019-03-20T10:24:11:  Event energy range ........: 386.199988063567 GeV - 905.126450481775 GeV
2019-03-20T10:24:11:   Simulation area ..........: 2.29169e+10 cm2
2019-03-20T10:24:11:   MC source events .........: 0 (all source models)
2019-03-20T10:24:11:  Photon energy range .......: 905.126450481775 GeV - 2.12132034355964 TeV
2019-03-20T10:24:11:  Event energy range ........: 905.126450481775 GeV - 2.12132034355964 TeV
2019-03-20T10:24:11:   Simulation area ..........: 4.38513e+10 cm2
2019-03-20T10:24:11:   MC source events .........: 0 (all source models)
2019-03-20T10:24:11:  Photon energy range .......: 2.12132034355964 TeV - 4.97168102600998 TeV
2019-03-20T10:24:11:  Event energy range ........: 2.12132034355964 TeV - 4.97168102600998 TeV
2019-03-20T10:24:11:   Simulation area ..........: 6.65234e+10 cm2
2019-03-20T10:24:11:   MC source events .........: 0 (all source models)
2019-03-20T10:24:11:  Photon energy range .......: 4.97168102600998 TeV - 11.651994145736 TeV
2019-03-20T10:24:11:  Event energy range ........: 4.97168102600998 TeV - 11.651994145736 TeV
2019-03-20T10:24:11:   Simulation area ..........: 7.82663e+10 cm2
2019-03-20T10:24:11:   MC source events .........: 0 (all source models)
2019-03-20T10:24:11:  Photon energy range .......: 11.651994145736 TeV - 27.3084630453912 TeV
2019-03-20T10:24:11:  Event energy range ........: 11.651994145736 TeV - 27.3084630453912 TeV
2019-03-20T10:24:11:   Simulation area ..........: 8.05757e+10 cm2
2019-03-20T10:24:11:   MC source events .........: 0 (all source models)
2019-03-20T10:24:11:  Photon energy range .......: 27.3084630453912 TeV - 64.0021050966973 TeV
2019-03-20T10:24:11:  Event energy range ........: 27.3084630453912 TeV - 64.0021050966973 TeV
2019-03-20T10:24:11:   Simulation area ..........: 8.16357e+10 cm2
2019-03-20T10:24:11:   MC source events .........: 0 (all source models)
2019-03-20T10:24:11:  Photon energy range .......: 64.0021050966973 TeV - 150 TeV
2019-03-20T10:24:11:  Event energy range ........: 64.0021050966973 TeV - 150 TeV
2019-03-20T10:24:11:   Simulation area ..........: 8.26442e+10 cm2
2019-03-20T10:24:11:   MC source events .........: 0 (all source models)
2019-03-20T10:24:28:  MC events outside ROI .....: 0
2019-03-20T10:24:28:  MC background events ......: 47161
2019-03-20T10:24:28:  MC identifier 1 ...........: CTABackgroundModel
2019-03-20T10:24:28:  MC events .................: 47161 (all models)
2019-03-20T10:24:28: 
2019-03-20T10:24:28: +==================+
2019-03-20T10:24:28: | Save observation |
2019-03-20T10:24:28: +==================+
2019-03-20T10:24:28: 
2019-03-20T10:24:28: Application "ctobssim" terminated after 77 wall clock seconds, consuming 17.36 seconds of CPU time.
