2019-03-20T10:24:36: ********************************************************************************
2019-03-20T10:24:36: *                                   ctskymap                                   *
2019-03-20T10:24:36: * ---------------------------------------------------------------------------- *
2019-03-20T10:24:36: * Version: 1.5.2                                                               *
2019-03-20T10:24:36: ********************************************************************************
2019-03-20T10:24:57: +============+
2019-03-20T10:24:57: | Parameters |
2019-03-20T10:24:57: +============+
2019-03-20T10:24:57:  inobs .....................: ../Events/events_bgonly.fits
2019-03-20T10:24:57:  caldb .....................: [not queried]
2019-03-20T10:24:57:  irf .......................: [not queried]
2019-03-20T10:24:57:  outmap ....................: skymap_bgonly.fits
2019-03-20T10:24:57:  emin ......................: 0.1
2019-03-20T10:24:57:  emax ......................: 100.0
2019-03-20T10:24:57:  usepnt ....................: no
2019-03-20T10:24:57:  nxpix .....................: 200
2019-03-20T10:24:57:  nypix .....................: 200
2019-03-20T10:24:57:  binsz .....................: 0.02
2019-03-20T10:24:57:  coordsys ..................: CEL
2019-03-20T10:24:57:  proj ......................: CAR
2019-03-20T10:24:57:  xref ......................: 221
2019-03-20T10:24:57:  yref ......................: 46
2019-03-20T10:24:57:  bkgsubtract ...............: NONE
2019-03-20T10:24:57:  roiradius .................: [not queried]
2019-03-20T10:24:57:  inradius ..................: [not queried]
2019-03-20T10:24:57:  outradius .................: [not queried]
2019-03-20T10:24:57:  inexclusion ...............: NONE
2019-03-20T10:24:57:  publish ...................: no
2019-03-20T10:24:57:  chatter ...................: 2
2019-03-20T10:24:57:  clobber ...................: yes
2019-03-20T10:24:57:  debug .....................: no
2019-03-20T10:24:57:  mode ......................: ql
2019-03-20T10:24:57:  logfile ...................: ctskymap.log
2019-03-20T10:24:57: 
2019-03-20T10:24:57: +===================+
2019-03-20T10:24:57: | Input observation |
2019-03-20T10:24:57: +===================+
2019-03-20T10:24:57: === GObservations ===
2019-03-20T10:24:57:  Number of observations ....: 1
2019-03-20T10:24:57:  Number of models ..........: 0
2019-03-20T10:24:57:  Number of observed events .: 47161
2019-03-20T10:24:57:  Number of predicted events : 0
2019-03-20T10:24:57: 
2019-03-20T10:24:57: +=================+
2019-03-20T10:24:57: | Map observation |
2019-03-20T10:24:57: +=================+
2019-03-20T10:24:57: === CTA observation (id=000001) ===
2019-03-20T10:24:57:  Events in list ............: 47161
2019-03-20T10:24:57:  Events in map .............: 7478
2019-03-20T10:24:57:  Events outside RoI ........: 0
2019-03-20T10:24:57:  Events outside map area ...: 2335
2019-03-20T10:24:57:  Events outside energies ...: 37348
2019-03-20T10:24:57: 
2019-03-20T10:24:57: +==============+
2019-03-20T10:24:57: | Save sky map |
2019-03-20T10:24:57: +==============+
2019-03-20T10:24:57:  Sky map file ..............: skymap_bgonly.fits
2019-03-20T10:24:57: 
2019-03-20T10:24:57: Application "ctskymap" terminated after 21 wall clock seconds, consuming 0.14 seconds of CPU time.
